-------------------------------------------------------------------------------
Test set: TestSuite
-------------------------------------------------------------------------------
Tests run: 2, Failures: 1, Errors: 0, Skipped: 0, Time elapsed: 17.44 s <<< FAILURE! - in TestSuite
com.automation.tests.OrangeHRMTestNG.verifyLoginSuccessfulForValidCrd  Time elapsed: 5.211 s  <<< FAILURE!
java.lang.NullPointerException
	at com.automation.tests.OrangeHRMTestNG.verifyLoginSuccessfulForValidCrd(OrangeHRMTestNG.java:46)

